==43988== Memcheck, a memory error detector
==43988== Copyright (C) 2002-2012, and GNU GPL'd, by Julian Seward et al.
==43988== Using Valgrind-3.8.1 and LibVEX; rerun with -h for copyright info
==43988== Command: ./pe13 test/wiki1.txt
==43988== Parent PID: 43986
==43988== 
--43988-- 
--43988-- Valgrind options:
--43988--    --tool=memcheck
--43988--    --verbose
--43988--    --log-file=expected/valgrind.log
--43988-- Contents of /proc/version:
--43988--   Linux version 2.6.32-696.23.1.el6.x86_64 (mockbuild@x86-027.build.eng.bos.redhat.com) (gcc version 4.4.7 20120313 (Red Hat 4.4.7-18) (GCC) ) #1 SMP Sat Feb 10 11:10:31 EST 2018
--43988-- Arch and hwcaps: AMD64, amd64-sse3-cx16-avx
--43988-- Page sizes: currently 4096, max supported 4096
--43988-- Valgrind library directory: /usr/lib64/valgrind
--43988-- Reading syms from /home/shay/a/yan218/2018SpringProblems/HW13/pe13
--43988-- Reading syms from /usr/lib64/valgrind/memcheck-amd64-linux
--43988--    object doesn't have a dynamic symbol table
--43988-- Reading syms from /lib64/ld-2.12.so
--43988--   Considering /usr/lib/debug/.build-id/1c/c2165e019d43f71fde0a47af9f4c8eb5e51963.debug ..
--43988--   .. build-id is valid
--43988-- Scheduler: using generic scheduler lock implementation.
--43988-- Reading suppressions file: /usr/lib64/valgrind/default.supp
==43988== embedded gdbserver: reading from /tmp/vgdb-pipe-from-vgdb-to-43988-by-yan218-on-ecegrid-thin5.ecn.purdue.edu
==43988== embedded gdbserver: writing to   /tmp/vgdb-pipe-to-vgdb-from-43988-by-yan218-on-ecegrid-thin5.ecn.purdue.edu
==43988== embedded gdbserver: shared mem   /tmp/vgdb-pipe-shared-mem-vgdb-43988-by-yan218-on-ecegrid-thin5.ecn.purdue.edu
==43988== 
==43988== TO CONTROL THIS PROCESS USING vgdb (which you probably
==43988== don't want to do, unless you know exactly what you're doing,
==43988== or are doing some strange experiment):
==43988==   /usr/lib64/valgrind/../../bin/vgdb --pid=43988 ...command...
==43988== 
==43988== TO DEBUG THIS PROCESS USING GDB: start GDB like this
==43988==   /path/to/gdb ./pe13
==43988== and then give GDB the following command
==43988==   target remote | /usr/lib64/valgrind/../../bin/vgdb --pid=43988
==43988== --pid is optional if only one valgrind process is running
==43988== 
--43988-- REDIR: 0x3c49017f90 (strlen) redirected to 0x38049551 (vgPlain_amd64_linux_REDIR_FOR_strlen)
--43988-- Reading syms from /usr/lib64/valgrind/vgpreload_core-amd64-linux.so
--43988-- Reading syms from /usr/lib64/valgrind/vgpreload_memcheck-amd64-linux.so
--43988-- REDIR: 0x3c49017da0 (index) redirected to 0x4a07c30 (index)
--43988-- REDIR: 0x3c49017e20 (strcmp) redirected to 0x4a08570 (strcmp)
--43988-- Reading syms from /lib64/libc-2.12.so
--43988--   Considering /usr/lib/debug/.build-id/8a/7e7404a2335231be759cb54f8041344cac0c1b.debug ..
--43988--   .. build-id is valid
--43988-- REDIR: 0x3c49484d10 (strcasecmp) redirected to 0x480155c (_vgnU_ifunc_wrapper)
--43988-- REDIR: 0x3c49486fd0 (strncasecmp) redirected to 0x480155c (_vgnU_ifunc_wrapper)
--43988-- REDIR: 0x3c49482c80 (__GI_strrchr) redirected to 0x4a07ab0 (__GI_strrchr)
--43988-- REDIR: 0x3c4947aa50 (malloc) redirected to 0x4a069ac (malloc)
--43988-- REDIR: 0x3c49483390 (memchr) redirected to 0x4a08610 (memchr)
--43988-- REDIR: 0x3c494896b0 (memcpy) redirected to 0x4a08b60 (memcpy)
--43988-- REDIR: 0x3c4948aae0 (__GI___rawmemchr) redirected to 0x4a0a000 (__GI___rawmemchr)
--43988-- REDIR: 0x3c4947b8b0 (free) redirected to 0x4a063a9 (free)
--43988-- REDIR: 0x3c4948ab30 (strchrnul) redirected to 0x4a09fb0 (strchrnul)
==43988== 
==43988== HEAP SUMMARY:
==43988==     in use at exit: 568 bytes in 1 blocks
==43988==   total heap usage: 3 allocs, 2 frees, 3,184 bytes allocated
==43988== 
==43988== Searching for pointers to 1 not-freed blocks
==43988== Checked 1,114,400 bytes
==43988== 
==43988== LEAK SUMMARY:
==43988==    definitely lost: 0 bytes in 0 blocks
==43988==    indirectly lost: 0 bytes in 0 blocks
==43988==      possibly lost: 0 bytes in 0 blocks
==43988==    still reachable: 568 bytes in 1 blocks
==43988==         suppressed: 0 bytes in 0 blocks
==43988== Rerun with --leak-check=full to see details of leaked memory
==43988== 
==43988== ERROR SUMMARY: 0 errors from 0 contexts (suppressed: 8 from 6)
--43988-- 
--43988-- used_suppression:      4 U1004-ARM-_dl_relocate_object
--43988-- used_suppression:      4 glibc-2.5.x-on-SUSE-10.2-(PPC)-2a
==43988== 
==43988== ERROR SUMMARY: 0 errors from 0 contexts (suppressed: 8 from 6)
