Reading symbols from prime_factor...done.
Breakpoint 1 at 0x400601: file prime_factor.c, line 17.
Starting program: /home/shay/a/yan218/hw01/prime_factor 

Breakpoint 1, print_prime_factors (n=6) at prime_factor.c:17
17	    if(n <= 0) {
Continuing.

Breakpoint 1, print_prime_factors (n=1) at prime_factor.c:17
17	    if(n <= 0) {
Continuing.

Breakpoint 1, print_prime_factors (n=0) at prime_factor.c:17
17	    if(n <= 0) {
Continuing.

Breakpoint 1, print_prime_factors (n=48) at prime_factor.c:17
17	    if(n <= 0) {
Continuing.

Breakpoint 1, print_prime_factors (n=49) at prime_factor.c:17
17	    if(n <= 0) {
print_prime_factors (n=49) at prime_factor.c:34
34	            for(int i = 3; i * i < n; i += 2) {
37	                while(n % i == 0) {
$1 = 3
34	            for(int i = 3; i * i < n; i += 2) {
37	                while(n % i == 0) {
$2 = 5
34	            for(int i = 3; i * i < n; i += 2) {
$3 = 5
43	            if(n >= 3) {
